0 verbose cli C:\Program Files\nodejs\node.exe C:\Program Files\nodejs\node_modules\npm\bin\npm-cli.js
1 info using npm@11.8.0
2 info using node@v24.13.1
3 silly config load:file:C:\Program Files\nodejs\node_modules\npm\npmrc
4 silly config load:file:C:\Users\DELL\OneDrive\Pictures\hackathonic\.npmrc
5 silly config load:file:C:\Users\DELL\.npmrc
6 silly config load:file:C:\Users\DELL\AppData\Roaming\npm\etc\npmrc
7 verbose title npm create vite@latest smart-skill-planner --template react
8 verbose argv "create" "vite@latest" "smart-skill-planner" "--" "--template" "react"
9 verbose logfile logs-max:10 dir:C:\Users\DELL\OneDrive\Pictures\hackathonic\.npm-cache\_logs\2026-02-20T19_18_28_069Z-
10 verbose logfile C:\Users\DELL\OneDrive\Pictures\hackathonic\.npm-cache\_logs\2026-02-20T19_18_28_069Z-debug-0.log
11 silly logfile done cleaning log files
12 silly packumentCache heap:2348810240 maxSize:587202560 maxEntrySize:293601280
13 http fetch GET 200 https://registry.npmjs.org/create-vite 1522ms (cache miss)
14 silly packumentCache heap:2348810240 maxSize:587202560 maxEntrySize:293601280
15 warn exec The following package was not found and will be installed: create-vite@8.3.0
16 silly idealTree buildDeps
17 silly fetch manifest create-vite@8.3.0
18 silly packumentCache full:https://registry.npmjs.org/create-vite cache-miss
19 http fetch GET 200 https://registry.npmjs.org/npm 2229ms
20 http fetch GET 200 https://registry.npmjs.org/create-vite 1067ms (cache miss)
21 silly packumentCache full:https://registry.npmjs.org/create-vite set size:undefined disposed:false
22 silly placeDep ROOT create-vite@8.3.0 OK for:  want: 8.3.0
23 silly reify moves {}
24 silly audit bulk request { 'create-vite': [ '8.3.0' ] }
25 http cache create-vite@https://registry.npmjs.org/create-vite/-/create-vite-8.3.0.tgz 0ms (cache hit)
26 silly tarball no local data for create-vite@https://registry.npmjs.org/create-vite/-/create-vite-8.3.0.tgz. Extracting by manifest.
27 http fetch POST 200 https://registry.npmjs.org/-/npm/v1/security/advisories/bulk 364ms
28 silly audit report {}
29 http fetch GET 200 https://registry.npmjs.org/create-vite/-/create-vite-8.3.0.tgz 2001ms (cache miss)
30 verbose cwd C:\Users\DELL\OneDrive\Pictures\hackathonic
31 verbose os Windows_NT 10.0.19045
32 verbose node v24.13.1
33 verbose npm  v11.8.0
34 notice
34 notice New minor version of npm available! 11.8.0 -> 11.10.1
34 notice Changelog: https://github.com/npm/cli/releases/tag/v11.10.1
34 notice To update run: npm install -g npm@11.10.1
34 notice  { force: true, Symbol(proc-log.meta): true }
35 verbose exit 0
36 info ok
